{"/Users/ccuk/Desktop/Scooter-Project/src/scooter.js": {"path":"/Users/ccuk/Desktop/Scooter-Project/src/scooter.js","statementMap":{"0":{"start":{"line":2,"column":26},"end":{"line":2,"column":27}},"1":{"start":{"line":3,"column":22},"end":{"line":3,"column":23}},"2":{"start":{"line":6,"column":8},"end":{"line":6,"column":34}},"3":{"start":{"line":7,"column":8},"end":{"line":7,"column":27}},"4":{"start":{"line":8,"column":8},"end":{"line":8,"column":27}},"5":{"start":{"line":9,"column":8},"end":{"line":9,"column":35}},"6":{"start":{"line":10,"column":8},"end":{"line":10,"column":34}},"7":{"start":{"line":11,"column":8},"end":{"line":11,"column":29}},"8":{"start":{"line":12,"column":8},"end":{"line":12,"column":30}},"9":{"start":{"line":13,"column":8},"end":{"line":13,"column":34}},"10":{"start":{"line":17,"column":8},"end":{"line":21,"column":9}},"11":{"start":{"line":18,"column":12},"end":{"line":18,"column":51}},"12":{"start":{"line":20,"column":12},"end":{"line":20,"column":31}},"13":{"start":{"line":25,"column":8},"end":{"line":29,"column":9}},"14":{"start":{"line":26,"column":12},"end":{"line":26,"column":50}},"15":{"start":{"line":28,"column":12},"end":{"line":28,"column":34}},"16":{"start":{"line":33,"column":0},"end":{"line":33,"column":28}}},"fnMap":{"0":{"name":"(anonymous_0)","decl":{"start":{"line":5,"column":4},"end":{"line":5,"column":5}},"loc":{"start":{"line":5,"column":17},"end":{"line":14,"column":5}},"line":5},"1":{"name":"(anonymous_1)","decl":{"start":{"line":16,"column":4},"end":{"line":16,"column":5}},"loc":{"start":{"line":16,"column":10},"end":{"line":22,"column":5}},"line":16},"2":{"name":"(anonymous_2)","decl":{"start":{"line":24,"column":4},"end":{"line":24,"column":5}},"loc":{"start":{"line":24,"column":12},"end":{"line":30,"column":5}},"line":24}},"branchMap":{"0":{"loc":{"start":{"line":17,"column":8},"end":{"line":21,"column":9}},"type":"if","locations":[{"start":{"line":17,"column":8},"end":{"line":21,"column":9}},{"start":{"line":19,"column":13},"end":{"line":21,"column":9}}],"line":17},"1":{"loc":{"start":{"line":17,"column":11},"end":{"line":17,"column":90}},"type":"binary-expr","locations":[{"start":{"line":17,"column":11},"end":{"line":17,"column":31}},{"start":{"line":17,"column":35},"end":{"line":17,"column":64}},{"start":{"line":17,"column":68},"end":{"line":17,"column":90}}],"line":17},"2":{"loc":{"start":{"line":25,"column":8},"end":{"line":29,"column":9}},"type":"if","locations":[{"start":{"line":25,"column":8},"end":{"line":29,"column":9}},{"start":{"line":27,"column":13},"end":{"line":29,"column":9}}],"line":25}},"s":{"0":2,"1":2,"2":6,"3":6,"4":6,"5":6,"6":6,"7":6,"8":6,"9":6,"10":2,"11":1,"12":1,"13":2,"14":1,"15":1,"16":2},"f":{"0":6,"1":2,"2":2},"b":{"0":[1,1],"1":[2,2,1],"2":[1,1]},"_coverageSchema":"1a1c01bbd47fc00a2c39e90264f33305004495a9","hash":"e2e29bc5381ca383f319a210bd9d2534f8abc688"}
,"/Users/ccuk/Desktop/Scooter-Project/src/scooterApp.js": {"path":"/Users/ccuk/Desktop/Scooter-Project/src/scooterApp.js","statementMap":{"0":{"start":{"line":1,"column":17},"end":{"line":1,"column":37}},"1":{"start":{"line":2,"column":20},"end":{"line":2,"column":40}},"2":{"start":{"line":5,"column":29},"end":{"line":5,"column":30}},"3":{"start":{"line":6,"column":27},"end":{"line":6,"column":28}},"4":{"start":{"line":7,"column":29},"end":{"line":7,"column":30}},"5":{"start":{"line":10,"column":8},"end":{"line":10,"column":34}},"6":{"start":{"line":11,"column":8},"end":{"line":11,"column":43}},"7":{"start":{"line":12,"column":8},"end":{"line":12,"column":47}},"8":{"start":{"line":13,"column":8},"end":{"line":13,"column":79}},"9":{"start":{"line":17,"column":8},"end":{"line":23,"column":9}},"10":{"start":{"line":18,"column":12},"end":{"line":18,"column":52}},"11":{"start":{"line":20,"column":26},"end":{"line":20,"column":59}},"12":{"start":{"line":21,"column":12},"end":{"line":21,"column":47}},"13":{"start":{"line":22,"column":12},"end":{"line":22,"column":52}},"14":{"start":{"line":27,"column":24},"end":{"line":27,"column":29}},"15":{"start":{"line":28,"column":8},"end":{"line":34,"column":9}},"16":{"start":{"line":28,"column":20},"end":{"line":28,"column":21}},"17":{"start":{"line":29,"column":12},"end":{"line":33,"column":13}},"18":{"start":{"line":30,"column":16},"end":{"line":30,"column":33}},"19":{"start":{"line":31,"column":16},"end":{"line":31,"column":58}},"20":{"start":{"line":32,"column":16},"end":{"line":32,"column":22}},"21":{"start":{"line":35,"column":8},"end":{"line":37,"column":9}},"22":{"start":{"line":36,"column":12},"end":{"line":36,"column":48}},"23":{"start":{"line":41,"column":8},"end":{"line":53,"column":9}},"24":{"start":{"line":42,"column":12},"end":{"line":42,"column":52}},"25":{"start":{"line":43,"column":14},"end":{"line":53,"column":9}},"26":{"start":{"line":44,"column":12},"end":{"line":44,"column":52}},"27":{"start":{"line":46,"column":12},"end":{"line":52,"column":13}},"28":{"start":{"line":47,"column":16},"end":{"line":47,"column":54}},"29":{"start":{"line":48,"column":16},"end":{"line":48,"column":38}},"30":{"start":{"line":49,"column":16},"end":{"line":49,"column":43}},"31":{"start":{"line":51,"column":16},"end":{"line":51,"column":57}},"32":{"start":{"line":57,"column":8},"end":{"line":63,"column":9}},"33":{"start":{"line":57,"column":20},"end":{"line":57,"column":21}},"34":{"start":{"line":58,"column":12},"end":{"line":62,"column":13}},"35":{"start":{"line":59,"column":16},"end":{"line":59,"column":53}},"36":{"start":{"line":60,"column":16},"end":{"line":60,"column":39}},"37":{"start":{"line":61,"column":16},"end":{"line":61,"column":22}},"38":{"start":{"line":67,"column":0},"end":{"line":67,"column":31}}},"fnMap":{"0":{"name":"(anonymous_0)","decl":{"start":{"line":9,"column":4},"end":{"line":9,"column":5}},"loc":{"start":{"line":9,"column":17},"end":{"line":14,"column":5}},"line":9},"1":{"name":"(anonymous_1)","decl":{"start":{"line":16,"column":4},"end":{"line":16,"column":5}},"loc":{"start":{"line":16,"column":37},"end":{"line":24,"column":5}},"line":16},"2":{"name":"(anonymous_2)","decl":{"start":{"line":26,"column":4},"end":{"line":26,"column":5}},"loc":{"start":{"line":26,"column":19},"end":{"line":38,"column":5}},"line":26},"3":{"name":"(anonymous_3)","decl":{"start":{"line":40,"column":4},"end":{"line":40,"column":5}},"loc":{"start":{"line":40,"column":33},"end":{"line":54,"column":5}},"line":40},"4":{"name":"(anonymous_4)","decl":{"start":{"line":56,"column":4},"end":{"line":56,"column":5}},"loc":{"start":{"line":56,"column":36},"end":{"line":64,"column":5}},"line":56}},"branchMap":{"0":{"loc":{"start":{"line":17,"column":8},"end":{"line":23,"column":9}},"type":"if","locations":[{"start":{"line":17,"column":8},"end":{"line":23,"column":9}},{"start":{"line":19,"column":13},"end":{"line":23,"column":9}}],"line":17},"1":{"loc":{"start":{"line":29,"column":12},"end":{"line":33,"column":13}},"type":"if","locations":[{"start":{"line":29,"column":12},"end":{"line":33,"column":13}},{"start":{},"end":{}}],"line":29},"2":{"loc":{"start":{"line":35,"column":8},"end":{"line":37,"column":9}},"type":"if","locations":[{"start":{"line":35,"column":8},"end":{"line":37,"column":9}},{"start":{},"end":{}}],"line":35},"3":{"loc":{"start":{"line":41,"column":8},"end":{"line":53,"column":9}},"type":"if","locations":[{"start":{"line":41,"column":8},"end":{"line":53,"column":9}},{"start":{"line":43,"column":14},"end":{"line":53,"column":9}}],"line":41},"4":{"loc":{"start":{"line":43,"column":14},"end":{"line":53,"column":9}},"type":"if","locations":[{"start":{"line":43,"column":14},"end":{"line":53,"column":9}},{"start":{"line":45,"column":13},"end":{"line":53,"column":9}}],"line":43},"5":{"loc":{"start":{"line":46,"column":12},"end":{"line":52,"column":13}},"type":"if","locations":[{"start":{"line":46,"column":12},"end":{"line":52,"column":13}},{"start":{"line":50,"column":17},"end":{"line":52,"column":13}}],"line":46},"6":{"loc":{"start":{"line":58,"column":12},"end":{"line":62,"column":13}},"type":"if","locations":[{"start":{"line":58,"column":12},"end":{"line":62,"column":13}},{"start":{},"end":{}}],"line":58}},"s":{"0":1,"1":1,"2":1,"3":1,"4":1,"5":8,"6":8,"7":8,"8":8,"9":5,"10":1,"11":4,"12":4,"13":4,"14":2,"15":2,"16":2,"17":2,"18":1,"19":1,"20":1,"21":2,"22":1,"23":5,"24":1,"25":4,"26":1,"27":3,"28":3,"29":3,"30":3,"31":0,"32":1,"33":1,"34":1,"35":1,"36":1,"37":1,"38":1},"f":{"0":8,"1":5,"2":2,"3":5,"4":1},"b":{"0":[1,4],"1":[1,1],"2":[1,1],"3":[1,4],"4":[1,3],"5":[3,0],"6":[1,0]},"_coverageSchema":"1a1c01bbd47fc00a2c39e90264f33305004495a9","hash":"bab0a40e32c496911103fe24558552a9d5cc839b"}
,"/Users/ccuk/Desktop/Scooter-Project/src/user.js": {"path":"/Users/ccuk/Desktop/Scooter-Project/src/user.js","statementMap":{"0":{"start":{"line":1,"column":20},"end":{"line":1,"column":48}},"1":{"start":{"line":5,"column":8},"end":{"line":5,"column":32}},"2":{"start":{"line":6,"column":8},"end":{"line":6,"column":32}},"3":{"start":{"line":7,"column":8},"end":{"line":7,"column":22}},"4":{"start":{"line":8,"column":8},"end":{"line":8,"column":34}},"5":{"start":{"line":9,"column":8},"end":{"line":9,"column":31}},"6":{"start":{"line":13,"column":0},"end":{"line":13,"column":25}}},"fnMap":{"0":{"name":"(anonymous_0)","decl":{"start":{"line":4,"column":4},"end":{"line":4,"column":5}},"loc":{"start":{"line":4,"column":40},"end":{"line":10,"column":5}},"line":4}},"branchMap":{},"s":{"0":2,"1":4,"2":4,"3":4,"4":4,"5":4,"6":2},"f":{"0":4},"b":{},"_coverageSchema":"1a1c01bbd47fc00a2c39e90264f33305004495a9","hash":"a22c1d65f95a5963b8e5e4c316e1ddcc99763bfb"}
}
