TN:
SF:src/scooter.js
FN:5,(anonymous_0)
FN:16,(anonymous_1)
FN:24,(anonymous_2)
FNF:3
FNH:3
FNDA:6,(anonymous_0)
FNDA:2,(anonymous_1)
FNDA:2,(anonymous_2)
DA:2,2
DA:3,2
DA:6,6
DA:7,6
DA:8,6
DA:9,6
DA:10,6
DA:11,6
DA:12,6
DA:13,6
DA:17,2
DA:18,1
DA:20,1
DA:25,2
DA:26,1
DA:28,1
DA:33,2
LF:17
LH:17
BRDA:17,0,0,1
BRDA:17,0,1,1
BRDA:17,1,0,2
BRDA:17,1,1,2
BRDA:17,1,2,1
BRDA:25,2,0,1
BRDA:25,2,1,1
BRF:7
BRH:7
end_of_record
TN:
SF:src/scooterApp.js
FN:9,(anonymous_0)
FN:16,(anonymous_1)
FN:26,(anonymous_2)
FN:40,(anonymous_3)
FN:56,(anonymous_4)
FNF:5
FNH:5
FNDA:8,(anonymous_0)
FNDA:5,(anonymous_1)
FNDA:2,(anonymous_2)
FNDA:5,(anonymous_3)
FNDA:1,(anonymous_4)
DA:1,1
DA:2,1
DA:5,1
DA:6,1
DA:7,1
DA:10,8
DA:11,8
DA:12,8
DA:13,8
DA:17,5
DA:18,1
DA:20,4
DA:21,4
DA:22,4
DA:27,2
DA:28,2
DA:29,2
DA:30,1
DA:31,1
DA:32,1
DA:35,2
DA:36,1
DA:41,5
DA:42,1
DA:43,4
DA:44,1
DA:46,3
DA:47,3
DA:48,3
DA:49,3
DA:51,0
DA:57,1
DA:58,1
DA:59,1
DA:60,1
DA:61,1
DA:67,1
LF:37
LH:36
BRDA:17,0,0,1
BRDA:17,0,1,4
BRDA:29,1,0,1
BRDA:29,1,1,1
BRDA:35,2,0,1
BRDA:35,2,1,1
BRDA:41,3,0,1
BRDA:41,3,1,4
BRDA:43,4,0,1
BRDA:43,4,1,3
BRDA:46,5,0,3
BRDA:46,5,1,0
BRDA:58,6,0,1
BRDA:58,6,1,0
BRF:14
BRH:12
end_of_record
TN:
SF:src/user.js
FN:4,(anonymous_0)
FNF:1
FNH:1
FNDA:4,(anonymous_0)
DA:1,2
DA:5,4
DA:6,4
DA:7,4
DA:8,4
DA:9,4
DA:13,2
LF:7
LH:7
BRF:0
BRH:0
end_of_record
